ode_solver::simple_ODE_forward: Exception in Simple_ODE: 
ode_solver::simple_ODE_forward: Exception in Simple_ODE: 
ode_solver::simple_ODE_forward: Exception in Simple_ODE: 
ode_solver::simple_ODE_forward: Exception in Simple_ODE: 
ode_solver::simple_ODE_backward: Exception in Simple_ODE: 
ode_solver::simple_ODE_backward: Exception in Simple_ODE: 
ode_solver::simple_ODE_backward: Exception in Simple_ODE: 
ode_solver::simple_ODE_backward: Exception in Simple_ODE: 
ode_solver::compute_backward: exception: High Order Enclosure Error: minimal time step reached. Cannot integrate.
the set: {[-5, 5],[-4, 4],[-1, 1],[-1, 1],[-5, 5],[-0.149999, 0.15],[-1, 1],[0, 8],[5.36672, 7.45275],[-2, 2],[0, 8],[-2, 2],[0.715929, 0.9937],[0.176809, 8],[0, 8]}
current time: [0, 9.53675e-07]
time step: [9.53675e-07, 9.53675e-07]
ode_solver::simple_ODE_forward: Exception in Simple_ODE: Interval error: Division by 0 in operator/(Interval, Interval)
   left=0  right=145472
ode_solver::simple_ODE_forward: Exception in Simple_ODE: 
ode_solver::simple_ODE_forward: Exception in Simple_ODE: 
ode_solver::simple_ODE_forward: Exception in Simple_ODE: 
ode_solver::simple_ODE_backward: Exception in Simple_ODE: 
ode_solver::simple_ODE_backward: Exception in Simple_ODE: 
ode_solver::simple_ODE_backward: Exception in Simple_ODE: 
ode_solver::simple_ODE_backward: Exception in Simple_ODE: 
ode_solver::compute_backward: exception: High Order Enclosure Error: minimal time step reached. Cannot integrate.
the set: {[-5, 5],[-4, 4],[-1, 1],[-1, 1],[-5, 5],[-0.149999, 0.15],[-1, 1],[0, 8],[5.36813, 7.45238],[-2, 2],[0, 8],[-2, 2],[0.71588, 0.993651],[0.176806, 8],[0, 6.97127]}
current time: [0, 9.53675e-07]
time step: [9.53675e-07, 9.53675e-07]
ode_solver::simple_ODE_forward: Exception in Simple_ODE: 
ode_solver::simple_ODE_forward: Exception in Simple_ODE: 
ode_solver::simple_ODE_forward: Exception in Simple_ODE: 
ode_solver::simple_ODE_forward: Exception in Simple_ODE: 
ode_solver::simple_ODE_backward: Exception in Simple_ODE: 
ode_solver::simple_ODE_backward: Exception in Simple_ODE: 
ode_solver::simple_ODE_backward: Exception in Simple_ODE: 
ode_solver::simple_ODE_backward: Exception in Simple_ODE: 
ode_solver::compute_backward: exception: High Order Enclosure Error: minimal time step reached. Cannot integrate.
the set: {[-5, 5],[-4, 4],[-1, 1],[-1, 1],[-5, 5],[-0.149999, 0.15],[-1, 1],[0, 8],[5.36813, 7.45238],[-2, 2],[0, 8],[-2, 2],[0.71588, 0.993651],[0.176824, 8],[0, 6.96851]}
current time: [0, 9.53675e-07]
time step: [9.53675e-07, 9.53675e-07]
ode_solver::simple_ODE_forward: Exception in Simple_ODE: 
ode_solver::simple_ODE_forward: Exception in Simple_ODE: 
ode_solver::simple_ODE_forward: Exception in Simple_ODE: 
ode_solver::simple_ODE_forward: Exception in Simple_ODE: 
ode_solver::simple_ODE_backward: Exception in Simple_ODE: 
ode_solver::simple_ODE_backward: Exception in Simple_ODE: 
ode_solver::simple_ODE_backward: Exception in Simple_ODE: 
ode_solver::simple_ODE_backward: Exception in Simple_ODE: 
ode_solver::compute_backward: exception: High Order Enclosure Error: minimal time step reached. Cannot integrate.
the set: {[-5, 5],[-4, 4],[-1, 1],[-1, 1],[-5, 5],[-0.149999, 0.15],[-1, 1],[0, 8],[5.36707, 7.45133],[-2, 2],[0, 8],[-2, 2],[0.715739, 0.99351],[0.176835, 8],[0, 6.97517]}
current time: [0, 9.53675e-07]
time step: [9.53675e-07, 9.53675e-07]
ode_solver::simple_ODE_forward: Exception in Simple_ODE: Interval error: Division by 0 in operator/(Interval, Interval)
   left=0  right=145472
ode_solver::simple_ODE_forward: Exception in Simple_ODE: 
ode_solver::simple_ODE_forward: Exception in Simple_ODE: 
ode_solver::simple_ODE_forward: Exception in Simple_ODE: 
ode_solver::simple_ODE_backward: Exception in Simple_ODE: 
ode_solver::simple_ODE_backward: Exception in Simple_ODE: 
ode_solver::simple_ODE_backward: Exception in Simple_ODE: 
ode_solver::simple_ODE_backward: Exception in Simple_ODE: 
ode_solver::compute_backward: exception: High Order Enclosure Error: minimal time step reached. Cannot integrate.
the set: {[-5, 5],[-4, 4],[-1, 1],[-1, 1],[-5, 5],[-0.149999, 0.15],[-1, 1],[0, 8],[5.17052, 6.21265],[-2, 2],[0, 8],[-2, 2],[0.689532, 0.829059],[0.175948, 8],[0, 8]}
current time: [0, 9.53675e-07]
time step: [9.53675e-07, 9.53675e-07]
ode_solver::simple_ODE_forward: Exception in Simple_ODE: 
ode_solver::simple_ODE_forward: Exception in Simple_ODE: 
ode_solver::simple_ODE_forward: Exception in Simple_ODE: 
ode_solver::simple_ODE_forward: Exception in Simple_ODE: 
ode_solver::simple_ODE_backward: Exception in Simple_ODE: 
ode_solver::simple_ODE_backward: Exception in Simple_ODE: 
ode_solver::simple_ODE_backward: Exception in Simple_ODE: 
ode_solver::simple_ODE_backward: Exception in Simple_ODE: 
ode_solver::compute_backward: exception: High Order Enclosure Error: minimal time step reached. Cannot integrate.
the set: {[-5, 5],[-4, 4],[-1, 1],[-1, 1],[-5, 5],[-0.149999, 0.15],[-1, 1],[0, 8],[5.17044, 6.21257],[-2, 2],[0, 8],[-2, 2],[0.689522, 0.828361],[0.175941, 8],[0, 8]}
current time: [0, 9.53675e-07]
time step: [9.53675e-07, 9.53675e-07]
ode_solver::simple_ODE_forward: Exception in Simple_ODE: 
ode_solver::simple_ODE_forward: Exception in Simple_ODE: 
ode_solver::simple_ODE_forward: Exception in Simple_ODE: 
ode_solver::simple_ODE_forward: Exception in Simple_ODE: 
ode_solver::simple_ODE_backward: Exception in Simple_ODE: 
ode_solver::simple_ODE_backward: Exception in Simple_ODE: 
ode_solver::simple_ODE_backward: Exception in Simple_ODE: 
ode_solver::simple_ODE_backward: Exception in Simple_ODE: 
ode_solver::compute_backward: exception: High Order Enclosure Error: minimal time step reached. Cannot integrate.
the set: {[-5, 5],[-4, 4],[-1, 1],[-1, 1],[-5, 5],[-0.149999, 0.15],[-1, 1],[0, 8],[5.17048, 6.21261],[-2, 2],[0, 8],[-2, 2],[0.689527, 0.828367],[0.175956, 8],[0, 7.43889]}
current time: [0, 9.53675e-07]
time step: [9.53675e-07, 9.53675e-07]
ode_solver::simple_ODE_forward: Exception in Simple_ODE: 
ode_solver::simple_ODE_forward: Exception in Simple_ODE: 
ode_solver::simple_ODE_forward: Exception in Simple_ODE: 
ode_solver::simple_ODE_forward: Exception in Simple_ODE: 
ode_solver::simple_ODE_backward: Exception in Simple_ODE: 
ode_solver::simple_ODE_backward: Exception in Simple_ODE: 
ode_solver::simple_ODE_backward: Exception in Simple_ODE: 
ode_solver::simple_ODE_backward: Exception in Simple_ODE: 
ode_solver::compute_backward: exception: High Order Enclosure Error: minimal time step reached. Cannot integrate.
the set: {[-5, 5],[-4, 4],[-1, 1],[-1, 1],[-5, 5],[-0.149999, 0.15],[-1, 1],[0, 8],[5.17048, 6.21261],[-2, 2],[0, 8],[-2, 2],[0.689527, 0.828367],[0.175956, 8],[0, 7.43836]}
current time: [0, 9.53675e-07]
time step: [9.53675e-07, 9.53675e-07]
ode_solver::simple_ODE_forward: Exception in Simple_ODE: 
ode_solver::simple_ODE_forward: Exception in Simple_ODE: 
ode_solver::simple_ODE_forward: Exception in Simple_ODE: 
ode_solver::simple_ODE_forward: Exception in Simple_ODE: 
ode_solver::simple_ODE_backward: Exception in Simple_ODE: 
ode_solver::simple_ODE_backward: Exception in Simple_ODE: 
ode_solver::simple_ODE_backward: Exception in Simple_ODE: 
ode_solver::simple_ODE_backward: Exception in Simple_ODE: 
ode_solver::compute_backward: exception: High Order Enclosure Error: minimal time step reached. Cannot integrate.
the set: {[-5, 5],[-4, 4],[-1, 1],[-1, 1],[-5, 5],[-0.149999, 0.15],[-1, 1],[0, 8],[5.17048, 6.21261],[-2, 2],[0, 8],[-2, 2],[0.689527, 0.828367],[0.175946, 8],[0, 7.4323]}
current time: [0, 9.53675e-07]
time step: [9.53675e-07, 9.53675e-07]
ode_solver::simple_ODE_forward: Exception in Simple_ODE: 
ode_solver::simple_ODE_forward: Exception in Simple_ODE: 
ode_solver::simple_ODE_forward: Exception in Simple_ODE: 
ode_solver::simple_ODE_forward: Exception in Simple_ODE: 
ode_solver::simple_ODE_backward: Exception in Simple_ODE: 
ode_solver::simple_ODE_backward: Exception in Simple_ODE: 
ode_solver::simple_ODE_backward: Exception in Simple_ODE: 
ode_solver::simple_ODE_backward: Exception in Simple_ODE: 
ode_solver::compute_backward: exception: High Order Enclosure Error: minimal time step reached. Cannot integrate.
the set: {[-5, 5],[-4, 4],[-1, 1],[-1, 1],[-5, 5],[-0.149999, 0.15],[-1, 1],[0, 8],[5.1696, 6.21173],[-2, 2],[0, 8],[-2, 2],[0.68941, 0.82825],[0.175934, 8],[0, 7.44258]}
current time: [0, 9.53675e-07]
time step: [9.53675e-07, 9.53675e-07]
ode_solver::simple_ODE_forward: Exception in Simple_ODE: 
ode_solver::simple_ODE_forward: Exception in Simple_ODE: 
ode_solver::simple_ODE_forward: Exception in Simple_ODE: 
ode_solver::simple_ODE_forward: Exception in Simple_ODE: 
ode_solver::simple_ODE_backward: Exception in Simple_ODE: 
ode_solver::simple_ODE_backward: Exception in Simple_ODE: 
ode_solver::simple_ODE_backward: Exception in Simple_ODE: 
ode_solver::simple_ODE_backward: Exception in Simple_ODE: 
ode_solver::compute_backward: exception: High Order Enclosure Error: minimal time step reached. Cannot integrate.
the set: {[-5, 5],[-4, 4],[-1, 1],[-1, 1],[-5, 5],[-0.149999, 0.15],[-1, 1],[0, 8],[5.16968, 6.21181],[-2, 2],[0, 8],[-2, 2],[0.68942, 0.82826],[0.175922, 8],[0, 6.81915]}
current time: [0, 9.53675e-07]
time step: [9.53675e-07, 9.53675e-07]
ode_solver::simple_ODE_forward: Exception in Simple_ODE: 
ode_solver::simple_ODE_forward: Exception in Simple_ODE: 
ode_solver::simple_ODE_forward: Exception in Simple_ODE: 
ode_solver::simple_ODE_forward: Exception in Simple_ODE: 
ode_solver::simple_ODE_backward: Exception in Simple_ODE: 
ode_solver::simple_ODE_backward: Exception in Simple_ODE: 
ode_solver::simple_ODE_backward: Exception in Simple_ODE: 
ode_solver::simple_ODE_backward: Exception in Simple_ODE: 
ode_solver::compute_backward: exception: High Order Enclosure Error: minimal time step reached. Cannot integrate.
the set: {[-5, 5],[-4, 4],[-1, 1],[-1, 1],[-5, 5],[-0.149999, 0.15],[-1, 1],[0, 8],[5.15325, 6.132],[-2, 2],[0, 8],[-2, 2],[0.687229, 0.8176],[0.175935, 8],[0, 6.91726]}
current time: [0, 9.53675e-07]
time step: [9.53675e-07, 9.53675e-07]
ode_solver::simple_ODE_forward: Exception in Simple_ODE: 
ode_solver::simple_ODE_forward: Exception in Simple_ODE: 
ode_solver::simple_ODE_forward: Exception in Simple_ODE: 
ode_solver::simple_ODE_forward: Exception in Simple_ODE: 
ode_solver::simple_ODE_backward: Exception in Simple_ODE: 
ode_solver::simple_ODE_backward: Exception in Simple_ODE: 
ode_solver::simple_ODE_backward: Exception in Simple_ODE: 
ode_solver::simple_ODE_backward: Exception in Simple_ODE: 
ode_solver::compute_backward: exception: High Order Enclosure Error: minimal time step reached. Cannot integrate.
the set: {[-5, 5],[-4, 4],[-1, 1],[-1, 1],[-5, 5],[-0.149999, 0.15],[-1, 1],[0, 8],[5.14315, 6.11847],[-2, 2],[0, 8],[-2, 2],[0.685883, 0.815796],[0.17586, 8],[0, 6.40851]}
current time: [0, 9.53675e-07]
time step: [9.53675e-07, 9.53675e-07]
ode_solver::simple_ODE_forward: Exception in Simple_ODE: 
ode_solver::simple_ODE_forward: Exception in Simple_ODE: 
ode_solver::simple_ODE_forward: Exception in Simple_ODE: 
ode_solver::simple_ODE_forward: Exception in Simple_ODE: 
ode_solver::simple_ODE_backward: Exception in Simple_ODE: 
ode_solver::simple_ODE_backward: Exception in Simple_ODE: 
ode_solver::simple_ODE_backward: Exception in Simple_ODE: 
ode_solver::simple_ODE_backward: Exception in Simple_ODE: 
ode_solver::compute_backward: exception: High Order Enclosure Error: minimal time step reached. Cannot integrate.
the set: {[-5, 5],[-4, 4],[-1, 1],[-1, 1],[-5, 5],[-0.149999, 0.15],[-1, 1],[0, 8],[5.14315, 6.11847],[-2, 2],[0, 8],[-2, 2],[0.685883, 0.815796],[0.1759, 8],[0, 6.37915]}
current time: [0, 9.53675e-07]
time step: [9.53675e-07, 9.53675e-07]
ode_solver::simple_ODE_forward: Exception in Simple_ODE: 
ode_solver::simple_ODE_forward: Exception in Simple_ODE: 
ode_solver::simple_ODE_forward: Exception in Simple_ODE: 
ode_solver::simple_ODE_forward: Exception in Simple_ODE: 
ode_solver::simple_ODE_backward: Exception in Simple_ODE: 
ode_solver::simple_ODE_backward: Exception in Simple_ODE: 
ode_solver::simple_ODE_backward: Exception in Simple_ODE: 
ode_solver::simple_ODE_backward: Exception in Simple_ODE: 
ode_solver::compute_backward: exception: High Order Enclosure Error: minimal time step reached. Cannot integrate.
the set: {[-5, 5],[-4, 4],[-1, 1],[-1, 1],[-5, 5],[-0.149999, 0.15],[-1, 1],[0, 8],[5.14315, 6.11848],[-2, 2],[0, 8],[-2, 2],[0.685883, 0.815797],[0.175923, 8],[0, 5.4461]}
current time: [0, 9.53675e-07]
time step: [9.53675e-07, 9.53675e-07]
ode_solver::simple_ODE_forward: Exception in Simple_ODE: 
ode_solver::simple_ODE_forward: Exception in Simple_ODE: 
ode_solver::simple_ODE_forward: Exception in Simple_ODE: 
ode_solver::simple_ODE_forward: Exception in Simple_ODE: 
ode_solver::simple_ODE_backward: Exception in Simple_ODE: 
ode_solver::simple_ODE_backward: Exception in Simple_ODE: 
ode_solver::simple_ODE_backward: Exception in Simple_ODE: 
ode_solver::simple_ODE_backward: Exception in Simple_ODE: 
ode_solver::compute_backward: exception: High Order Enclosure Error: minimal time step reached. Cannot integrate.
the set: {[-5, 5],[-4, 4],[-1, 1],[-1, 1],[-5, 5],[-0.149999, 0.15],[-1, 1],[0, 8],[5.14315, 6.11848],[-2, 2],[0, 8],[-2, 2],[0.685883, 0.815797],[0.175923, 8],[0, 5.44438]}
current time: [0, 9.53675e-07]
time step: [9.53675e-07, 9.53675e-07]
ode_solver::simple_ODE_forward: Exception in Simple_ODE: 
ode_solver::simple_ODE_forward: Exception in Simple_ODE: 
ode_solver::simple_ODE_forward: Exception in Simple_ODE: 
ode_solver::simple_ODE_forward: Exception in Simple_ODE: 
ode_solver::simple_ODE_backward: Exception in Simple_ODE: 
ode_solver::simple_ODE_backward: Exception in Simple_ODE: 
ode_solver::simple_ODE_backward: Exception in Simple_ODE: 
ode_solver::simple_ODE_backward: Exception in Simple_ODE: 
ode_solver::compute_backward: exception: High Order Enclosure Error: minimal time step reached. Cannot integrate.
the set: {[-5, 5],[-4, 4],[-1, 1],[-1, 1],[-5, 5],[-0.149999, 0.15],[-1, 1],[0, 8],[5.14315, 6.11848],[-2, 2],[0, 8],[-2, 2],[0.685883, 0.815797],[0.175903, 8],[0, 5.43382]}
current time: [0, 9.53675e-07]
time step: [9.53675e-07, 9.53675e-07]
sat
